Index	Pattern Date	File (.xye)	Ewe [V]	MPT abs time	MPT elapsed [s]	dt (pattern - elchem) [s]	<imon>
1	2025-09-23_17:48:41	17_Da_f00001.xye	1.515837	2025-09-23 17:48:40	4261.999895	0.476105	6747660.000000
2	2025-09-23_17:59:27	17_Db_f00001.xye	1.514252	2025-09-23 17:59:26	4907.999887	0.476113	6775387.000000
3	2025-09-23_18:07:44	17_Da_f00002.xye	1.513183	2025-09-23 18:07:43	5404.999881	0.476119	6758370.000000
4	2025-09-23_18:15:59	17_Db_f00002.xye	1.452391	2025-09-23 18:16:00	5902.300275	-1.824275	6733671.000000
5	2025-09-23_18:24:14	17_Da_f00003.xye	1.408693	2025-09-23 18:24:10	6392.300269	3.175731	6766393.000000
6	2025-09-23_18:32:32	17_Db_f00003.xye	1.384227	2025-09-23 18:32:30	6892.300263	1.175737	6739031.000000
7	2025-09-23_18:40:50	17_Da_f00004.xye	1.361481	2025-09-23 18:40:50	7392.300257	-0.824257	6777268.000000
8	2025-09-23_18:49:08	17_Db_f00004.xye	1.333005	2025-09-23 18:49:10	7892.300251	-2.824251	6752137.000000
9	2025-09-23_18:57:26	17_Da_f00005.xye	1.298760	2025-09-23 18:57:30	8392.300245	-4.824245	6787736.000000
10	2025-09-23_19:05:41	17_Db_f00005.xye	1.304032	2025-09-23 19:05:40	8882.300239	0.175761	6759981.000000
11	2025-09-23_19:13:56	17_Da_f00006.xye	1.315434	2025-09-23 19:14:00	9382.300233	-4.824233	6742906.000000
12	2025-09-23_19:22:11	17_Db_f00006.xye	1.311136	2025-09-23 19:22:10	9872.300227	0.175773	6769602.000000
13	2025-09-23_19:30:27	17_Da_f00007.xye	1.295552	2025-09-23 19:30:30	10372.300221	-3.824221	6756075.000000
14	2025-09-23_19:38:47	17_Db_f00007.xye	1.251548	2025-09-23 19:38:50	10872.300214	-3.824214	6751553.000000
15	2025-09-23_19:47:02	17_Da_f00008.xye	1.114954	2025-09-23 19:47:00	11362.300209	1.175791	6762761.000000
16	2025-09-23_19:55:17	17_Db_f00008.xye	1.485068	2025-09-23 19:55:15	11857.446803	1.029197	6734227.000000
17	2025-09-23_20:03:32	17_Da_f00009.xye	1.484666	2025-09-23 19:56:38	11939.619802	413.856198	6774429.000000
18	2025-09-23_20:11:50	17_Db_f00009.xye	1.484666	2025-09-23 19:56:38	11939.619802	911.856198	6746562.000000
19	2025-09-23_20:20:06	17_Da_f00010.xye	1.394942	2025-09-23 20:36:24	14326.000373	-978.524373	6779984.000000
20	2025-09-23_20:28:26	17_Db_f00010.xye	1.394942	2025-09-23 20:36:24	14326.000373	-478.524373	6752887.000000
21	2025-09-23_20:36:41	17_Da_f00011.xye	1.405866	2025-09-23 20:36:45	14346.851000	-4.375000	6739734.000000
22	2025-09-23_20:44:56	17_Db_f00011.xye	1.343375	2025-09-23 20:44:59	14840.764588	-3.288588	6760125.000000
23	2025-09-23_20:53:11	17_Da_f00012.xye	1.328115	2025-09-23 20:53:09	15330.764575	1.711425	6747294.000000
24	2025-09-23_21:01:26	17_Db_f00012.xye	1.314250	2025-09-23 21:01:29	15830.764563	-3.288563	6772367.000000
25	2025-09-23_21:09:41	17_Da_f00013.xye	1.291637	2025-09-23 21:09:39	16320.764550	1.711450	6751998.000000
26	2025-09-23_21:18:00	17_Db_f00013.xye	1.247213	2025-09-23 21:17:59	16820.764538	0.711462	6782163.000000
27	2025-09-23_21:26:14	17_Da_f00014.xye	1.161134	2025-09-23 21:26:09	17310.764525	4.711475	6767003.000000
28	2025-09-23_21:34:32	17_Db_f00014.xye	1.021121	2025-09-23 21:34:29	17810.764513	2.711487	6738476.000000
29	2025-09-23_21:42:53	17_Da_f00015.xye	1.318201	2025-09-23 21:42:50	18311.834100	2.641900	6774745.000000
30	2025-09-23_21:51:14	17_Db_f00015.xye	1.468203	2025-09-23 21:51:10	18811.834092	3.641908	6749094.000000
31	2025-09-23_21:59:30	17_Da_f00016.xye	1.467726	2025-09-23 21:59:30	19311.834086	-0.358086	6782867.000000
32	2025-09-23_22:10:26	17_Db_f00016.xye	1.469349	2025-09-23 22:10:30	19971.834078	-4.358078	6752181.000000
33	2025-09-23_22:18:41	17_Da_f00017.xye	1.471030	2025-09-23 22:18:40	20461.834072	0.641928	6784926.000000
34	2025-09-23_22:27:06	17_Db_f00017.xye	1.472138	2025-09-23 22:27:10	20971.834066	-4.358066	6758846.000000
35	2025-09-23_22:35:27	17_Da_f00018.xye	1.472844	2025-09-23 22:35:30	21471.834060	-3.358060	6741338.000000
36	2025-09-23_22:43:44	17_Db_f00018.xye	1.473723	2025-09-23 22:43:40	21961.834054	3.641946	6771362.000000
37	2025-09-23_22:52:00	17_Da_f00019.xye	1.474067	2025-09-23 22:52:00	22461.834048	-0.358048	6753283.000000
38	2025-09-23_23:00:17	17_Db_f00019.xye	1.474640	2025-09-23 23:00:20	22961.834042	-3.358042	6776875.000000
39	2025-09-23_23:08:35	17_Da_f00020.xye	1.475155	2025-09-23 23:08:30	23451.834036	4.641964	6761647.000000
40	2025-09-23_23:16:50	17_Db_f00020.xye	1.475728	2025-09-23 23:16:50	23951.834030	-0.358030	6744893.000000
41	2025-09-23_23:25:05	17_Da_f00021.xye	1.476358	2025-09-23 23:25:00	24441.834024	4.641976	6770951.000000
42	2025-09-23_23:33:21	17_Db_f00021.xye	1.477161	2025-09-23 23:33:20	24941.834018	0.641982	6743860.000000
43	2025-09-23_23:41:38	17_Da_f00022.xye	1.477810	2025-09-23 23:41:40	25441.834012	-2.358012	6779979.000000
44	2025-09-23_23:49:56	17_Db_f00022.xye	1.478517	2025-09-23 23:50:00	25941.834006	-4.358006	6752271.000000
45	2025-09-23_23:58:12	17_Da_f00023.xye	1.479185	2025-09-23 23:58:10	26431.834000	1.642000	6789037.000000
46	2025-09-24_00:06:32	17_Db_f00023.xye	1.479854	2025-09-24 00:06:30	26931.833994	1.642006	6763511.000000
47	2025-09-24_00:14:50	17_Da_f00024.xye	1.480236	2025-09-24 00:14:50	27431.833988	-0.357988	6744707.000000
48	2025-09-24_00:23:05	17_Db_f00024.xye	1.481191	2025-09-24 00:23:00	27921.833982	4.642018	6772720.000000
49	2025-09-24_00:31:23	17_Da_f00025.xye	1.482585	2025-09-24 00:31:20	28421.833976	2.642024	6755907.000000
50	2025-09-24_00:39:38	17_Db_f00025.xye	1.484265	2025-09-24 00:39:40	28921.833970	-2.357970	6781097.000000
51	2025-09-24_00:47:53	17_Da_f00026.xye	1.487111	2025-09-24 00:47:50	29411.833964	2.642036	6764150.000000
52	2025-09-24_00:56:08	17_Db_f00026.xye	1.491160	2025-09-24 00:56:10	29911.833958	-2.357958	6735302.000000
53	2025-09-24_01:04:26	17_Da_f00027.xye	1.497768	2025-09-24 01:04:30	30411.833952	-4.357952	6768358.000000
54	2025-09-24_01:12:41	17_Db_f00027.xye	1.508769	2025-09-24 01:12:40	30901.833946	0.642054	6742966.000000
55	2025-09-24_01:20:56	17_Da_f00028.xye	1.519445	2025-09-24 01:21:00	31401.833940	-4.357940	6780791.000000
56	2025-09-24_01:29:11	17_Db_f00028.xye	1.528193	2025-09-24 01:29:10	31891.833934	0.642066	6754737.000000
57	2025-09-24_01:37:26	17_Da_f00029.xye	1.534992	2025-09-24 01:37:30	32391.833928	-4.357928	6788597.000000
58	2025-09-24_01:45:41	17_Db_f00029.xye	1.540511	2025-09-24 01:45:40	32881.833922	0.642078	6764227.000000
59	2025-09-24_01:53:56	17_Da_f00030.xye	1.545515	2025-09-24 01:54:00	33381.833916	-4.357916	6747831.000000
60	2025-09-24_02:02:11	17_Db_f00030.xye	1.550061	2025-09-24 02:02:10	33871.833910	0.642090	6774013.000000
61	2025-09-24_02:10:26	17_Da_f00031.xye	1.554167	2025-09-24 02:10:30	34371.833904	-4.357904	6757335.000000
62	2025-09-24_02:21:11	17_Db_f00031.xye	1.558846	2025-09-24 02:21:10	35011.833896	0.642104	6781871.000000
63	2025-09-24_02:29:27	17_Da_f00032.xye	1.561902	2025-09-24 02:29:30	35511.833890	-3.357890	6762476.000000
64	2025-09-24_02:37:44	17_Db_f00032.xye	1.564557	2025-09-24 02:37:40	36001.833884	3.642116	6788623.000000
65	2025-09-24_02:46:02	17_Da_f00033.xye	1.566715	2025-09-24 02:46:00	36501.833878	1.642122	6771027.000000
66	2025-09-24_02:54:18	17_Db_f00033.xye	1.569217	2025-09-24 02:54:20	37001.833872	-2.357872	6746290.000000
67	2025-09-24_03:02:35	17_Da_f00034.xye	1.571394	2025-09-24 03:02:30	37491.833866	4.642134	6781092.000000
68	2025-09-24_03:10:53	17_Db_f00034.xye	1.573705	2025-09-24 03:10:50	37991.833860	2.642140	6752904.000000
69	2025-09-24_03:19:08	17_Da_f00035.xye	1.576417	2025-09-24 03:19:10	38491.833854	-2.357854	6790021.000000
70	2025-09-24_03:27:23	17_Db_f00035.xye	1.579721	2025-09-24 03:27:20	38981.833848	2.642152	6765893.000000
71	2025-09-24_03:35:38	17_Da_f00036.xye	1.584763	2025-09-24 03:35:40	39481.833842	-2.357842	6744369.000000
72	2025-09-24_03:43:56	17_Db_f00036.xye	1.592307	2025-09-24 03:44:00	39981.833836	-4.357836	6774831.000000
73	2025-09-24_03:52:12	17_Da_f00037.xye	1.604378	2025-09-24 03:52:10	40471.833830	1.642170	6756246.000000
74	2025-09-24_04:00:26	17_Db_f00037.xye	1.621013	2025-09-24 04:00:30	40971.833824	-4.357824	6782046.000000
75	2025-09-24_04:08:41	17_Da_f00038.xye	1.637495	2025-09-24 04:08:40	41461.833818	0.642182	6765540.000000
76	2025-09-24_04:16:57	17_Db_f00038.xye	1.653538	2025-09-24 04:17:00	41961.833812	-3.357812	6766115.000000
77	2025-09-24_04:25:15	17_Da_f00039.xye	1.668378	2025-09-24 04:25:10	42451.833806	4.642194	6756238.000000
78	2025-09-24_04:33:32	17_Db_f00039.xye	1.682606	2025-09-24 04:33:30	42951.833800	1.642200	6748416.000000
79	2025-09-24_04:41:47	17_Da_f00040.xye	1.695727	2025-09-24 04:41:50	43451.833794	-3.357794	6785233.000000
80	2025-09-24_04:50:02	17_Db_f00040.xye	1.707664	2025-09-24 04:50:00	43941.833788	1.642212	6756743.000000
81	2025-09-24_04:58:17	17_Da_f00041.xye	1.718856	2025-09-24 04:58:20	44441.833782	-3.357782	6792568.000000
82	2025-09-24_05:06:32	17_Db_f00041.xye	1.729093	2025-09-24 05:06:30	44931.833776	1.642224	6766661.000000
83	2025-09-24_05:14:48	17_Da_f00042.xye	1.739101	2025-09-24 05:14:50	45431.833770	-2.357770	6748412.000000
84	2025-09-24_05:23:05	17_Db_f00042.xye	1.748956	2025-09-24 05:23:00	45921.833764	4.642236	6777584.000000
85	2025-09-24_05:31:20	17_Da_f00043.xye	1.759021	2025-09-24 05:31:20	46421.833758	-0.357758	6759190.000000
86	2025-09-24_05:39:35	17_Db_f00043.xye	1.768074	2025-09-24 05:39:30	46911.833752	4.642248	6787602.000000
87	2025-09-24_05:47:50	17_Da_f00044.xye	1.776477	2025-09-24 05:47:50	47411.833750	-0.357750	6767639.000000
88	2025-09-24_05:56:05	17_Db_f00044.xye	1.783505	2025-09-24 05:56:00	47901.833751	4.642249	6739974.000000
89	2025-09-24_06:04:20	17_Da_f00045.xye	1.789464	2025-09-24 06:04:20	48401.833752	-0.357752	6776267.000000
90	2025-09-24_06:12:36	17_Db_f00045.xye	1.794163	2025-09-24 06:12:40	48901.833753	-4.357753	6748085.000000
91	2025-09-24_06:20:51	17_Da_f00046.xye	1.798307	2025-09-24 06:20:50	49391.833754	0.642246	6783835.000000
92	2025-09-24_06:31:32	17_Db_f00046.xye	1.727337	2025-09-24 06:31:32	50034.327755	-0.851755	6754922.000000
93	2025-09-24_06:39:47	17_Da_f00047.xye	1.670690	2025-09-24 06:39:42	50524.327756	4.148244	6787741.000000
94	2025-09-24_06:48:02	17_Db_f00047.xye	1.623172	2025-09-24 06:48:02	51024.327757	-0.851757	6760708.000000
95	2025-09-24_06:56:18	17_Da_f00048.xye	1.584383	2025-09-24 06:56:22	51524.327758	-4.851758	6745938.000000
96	2025-09-24_07:04:35	17_Db_f00048.xye	1.553691	2025-09-24 07:04:32	52014.327759	2.148241	6770579.000000
97	2025-09-24_07:12:50	17_Da_f00049.xye	1.528404	2025-09-24 07:12:52	52514.327760	-2.851760	6755276.000000
98	2025-09-24_07:21:05	17_Db_f00049.xye	1.507759	2025-09-24 07:21:02	53004.327760	2.148240	6784211.000000
99	2025-09-24_07:29:20	17_Da_f00050.xye	1.489500	2025-09-24 07:29:22	53504.327761	-2.851761	6765138.000000
100	2025-09-24_07:37:38	17_Db_f00050.xye	1.473381	2025-09-24 07:37:42	54004.327762	-4.851762	6794177.000000
101	2025-09-24_07:45:56	17_Da_f00051.xye	1.459572	2025-09-24 07:45:52	54494.327763	3.148237	6775281.000000
102	2025-09-24_07:54:11	17_Db_f00051.xye	1.446948	2025-09-24 07:54:12	54994.327764	-1.851764	6749053.000000
103	2025-09-24_08:02:26	17_Da_f00052.xye	1.436100	2025-09-24 08:02:22	55484.327765	3.148235	6785576.000000
104	2025-09-24_08:10:41	17_Db_f00052.xye	1.426646	2025-09-24 08:10:42	55984.327766	-1.851766	6758838.000000
105	2025-09-24_08:18:56	17_Da_f00053.xye	1.419293	2025-09-24 08:18:52	56474.327767	3.148233	6793998.000000
106	2025-09-24_08:27:11	17_Db_f00053.xye	1.413487	2025-09-24 08:27:12	56974.327768	-1.851768	6768230.000000
107	2025-09-24_08:35:26	17_Da_f00054.xye	1.408789	2025-09-24 08:35:22	57464.327769	3.148231	6749546.000000
108	2025-09-24_08:43:41	17_Db_f00054.xye	1.404434	2025-09-24 08:43:42	57964.327770	-1.851770	6777205.000000
109	2025-09-24_08:51:56	17_Da_f00055.xye	1.399965	2025-09-24 08:51:52	58454.327771	3.148229	6758828.000000
110	2025-09-24_09:00:11	17_Db_f00055.xye	1.395305	2025-09-24 09:00:12	58954.327772	-1.851772	6784993.000000
111	2025-09-24_09:08:26	17_Da_f00056.xye	1.390530	2025-09-24 09:08:22	59444.327772	3.148228	6767075.000000
112	2025-09-24_09:16:42	17_Db_f00056.xye	1.385469	2025-09-24 09:16:42	59944.327773	-0.851773	6744082.000000
113	2025-09-24_09:25:02	17_Da_f00057.xye	1.379778	2025-09-24 09:25:02	60444.327774	-0.851774	6774224.000000
114	2025-09-24_09:33:23	17_Db_f00057.xye	1.373551	2025-09-24 09:33:22	60944.327775	0.148225	6749038.000000
115	2025-09-24_09:41:41	17_Da_f00058.xye	1.366141	2025-09-24 09:41:42	61444.327776	-1.851776	6783566.000000
116	2025-09-24_09:49:57	17_Db_f00058.xye	1.358196	2025-09-24 09:49:52	61934.327777	4.148223	6757385.000000
117	2025-09-24_09:58:17	17_Da_f00059.xye	1.349105	2025-09-24 09:58:12	62434.327778	4.148222	6792216.000000
118	2025-09-24_10:06:42	17_Db_f00059.xye	1.339269	2025-09-24 10:06:42	62944.327779	-0.851779	6763036.000000
119	2025-09-24_10:14:59	17_Da_f00060.xye	1.329242	2025-09-24 10:15:02	63444.327780	-3.851780	6749833.000000
120	2025-09-24_10:23:15	17_Db_f00060.xye	1.318929	2025-09-24 10:23:12	63934.327781	2.148219	6778581.000000
121	2025-09-24_10:31:33	17_Da_f00061.xye	1.308577	2025-09-24 10:31:32	64434.327782	0.148218	6758911.000000
122	2025-09-24_10:42:20	17_Db_f00061.xye	1.319292	2025-09-24 10:42:22	65084.327783	-2.851783	6783831.000000
123	2025-09-24_10:50:38	17_Da_f00062.xye	1.328975	2025-09-24 10:50:42	65584.327784	-4.851784	6762543.000000
124	2025-09-24_10:58:53	17_Db_f00062.xye	1.332756	2025-09-24 10:58:52	66074.327785	0.148215	6790301.000000
125	2025-09-24_11:07:12	17_Da_f00063.xye	1.333826	2025-09-24 11:07:12	66574.327786	-0.851786	6770353.000000
126	2025-09-24_11:15:29	17_Db_f00063.xye	1.333520	2025-09-24 11:15:32	67074.327787	-3.851787	6747743.000000
127	2025-09-24_11:23:44	17_Da_f00064.xye	1.332814	2025-09-24 11:23:42	67564.327788	1.148212	6781486.000000
128	2025-09-24_11:31:59	17_Db_f00064.xye	1.331477	2025-09-24 11:32:02	68064.327788	-3.851788	6753932.000000
129	2025-09-24_11:40:15	17_Da_f00065.xye	1.329853	2025-09-24 11:40:12	68554.327789	2.148211	6790320.000000
130	2025-09-24_11:48:32	17_Db_f00065.xye	1.328039	2025-09-24 11:48:32	69054.327790	-0.851790	6763147.000000
131	2025-09-24_11:56:47	17_Da_f00066.xye	1.325881	2025-09-24 11:56:42	69544.327791	4.148209	6751530.000000
132	2025-09-24_12:05:05	17_Db_f00066.xye	1.323207	2025-09-24 12:05:02	70044.327792	2.148208	6771769.000000
133	2025-09-24_12:13:20	17_Da_f00067.xye	1.319979	2025-09-24 12:13:22	70544.327793	-2.851793	6753492.000000
134	2025-09-24_12:21:35	17_Db_f00067.xye	1.316350	2025-09-24 12:21:32	71034.327794	2.148206	6779046.000000
135	2025-09-24_12:29:53	17_Da_f00068.xye	1.311767	2025-09-24 12:29:52	71534.327795	0.148205	6763532.000000
136	2025-09-24_12:38:08	17_Db_f00068.xye	1.306266	2025-09-24 12:38:12	72034.327796	-4.851796	6790965.000000
137	2025-09-24_12:46:23	17_Da_f00069.xye	1.299906	2025-09-24 12:46:22	72524.327797	0.148203	6770031.000000
138	2025-09-24_12:54:38	17_Db_f00069.xye	1.291961	2025-09-24 12:54:42	73024.327798	-4.851798	6747092.000000
139	2025-09-24_13:02:53	17_Da_f00070.xye	1.282221	2025-09-24 13:02:52	73514.327799	0.148201	6783042.000000
140	2025-09-24_13:11:12	17_Db_f00070.xye	1.270972	2025-09-24 13:11:12	74014.327800	-0.851800	6755933.000000
141	2025-09-24_13:19:32	17_Da_f00071.xye	1.259971	2025-09-24 13:19:32	74514.327800	-0.851800	6787003.000000
142	2025-09-24_13:27:47	17_Db_f00071.xye	1.255979	2025-09-24 13:27:42	75004.327801	4.148199	6764975.000000
143	2025-09-24_13:36:05	17_Da_f00072.xye	1.254585	2025-09-24 13:36:02	75504.327802	2.148198	6747576.000000
144	2025-09-24_13:44:26	17_Db_f00072.xye	1.248129	2025-09-24 13:44:22	76004.327803	3.148197	6773911.000000
145	2025-09-24_13:52:41	17_Da_f00073.xye	1.232927	2025-09-24 13:52:42	76504.327804	-1.851804	6756199.000000
146	2025-09-24_14:00:56	17_Db_f00073.xye	1.211976	2025-09-24 14:00:52	76994.327805	3.148195	6780526.000000
147	2025-09-24_14:09:11	17_Da_f00074.xye	1.169920	2025-09-24 14:09:12	77494.327806	-1.851806	6764910.000000
148	2025-09-24_14:17:26	17_Db_f00074.xye	1.114151	2025-09-24 14:17:22	77984.327807	3.148193	6787997.000000
149	2025-09-24_14:25:42	17_Da_f00075.xye	1.031320	2025-09-24 14:25:42	78484.327808	-0.851808	6774984.000000
150	2025-09-24_14:34:05	17_Db_f00075.xye	0.914034	2025-09-24 14:34:02	78984.327809	2.148191	6748472.000000
151	2025-09-24_14:42:23	17_Da_f00076.xye	1.475595	2025-09-24 14:42:19	79480.682410	3.793590	6785916.000000
152	2025-09-24_14:53:05	17_Db_f00076.xye	1.473341	2025-09-24 14:53:09	80130.687152	-4.211152	6752235.000000
153	2025-09-24_15:01:20	17_Da_f00077.xye	1.473379	2025-09-24 15:01:19	80620.696836	0.779164	6788558.000000
154	2025-09-24_15:09:42	17_Db_f00077.xye	1.473437	2025-09-24 15:09:39	81120.706718	2.769282	6757330.000000
155	2025-09-24_15:17:59	17_Da_f00078.xye	1.473990	2025-09-24 15:17:59	81620.716599	-0.240599	6794367.000000
156	2025-09-24_15:26:17	17_Db_f00078.xye	1.474277	2025-09-24 15:26:19	82120.726481	-2.250481	6768741.000000
157	2025-09-24_15:34:38	17_Da_f00079.xye	1.474277	2025-09-24 15:34:39	82620.736363	-1.260363	6750922.000000
158	2025-09-24_15:42:56	17_Db_f00079.xye	1.474258	2025-09-24 15:42:59	83120.746245	-3.270245	6779026.000000
159	2025-09-24_15:51:14	17_Da_f00080.xye	1.474124	2025-09-24 15:51:09	83610.755929	4.720071	6758411.000000
160	2025-09-24_15:59:32	17_Db_f00080.xye	1.474296	2025-09-24 15:59:29	84110.765810	2.710190	6786430.000000
161	2025-09-24_16:07:48	17_Da_f00081.xye	1.474372	2025-09-24 16:07:49	84610.775692	-1.299692	6768896.000000
162	2025-09-24_16:16:08	17_Db_f00081.xye	1.474907	2025-09-24 16:16:09	85110.785574	-1.309574	6741447.000000
163	2025-09-24_16:24:24	17_Da_f00082.xye	1.475289	2025-09-24 16:24:19	85600.795258	4.680742	6776921.000000
164	2025-09-24_16:32:44	17_Db_f00082.xye	1.475556	2025-09-24 16:32:39	86100.805140	4.670860	6750209.000000
165	2025-09-24_16:40:59	17_Da_f00083.xye	1.476282	2025-09-24 16:40:59	86600.815021	-0.339021	6785812.000000
166	2025-09-24_16:49:15	17_Db_f00083.xye	1.477122	2025-09-24 16:49:19	87100.824903	-4.348903	6757946.000000
167	2025-09-24_16:57:35	17_Da_f00084.xye	1.477772	2025-09-24 16:57:39	87600.834785	-4.358785	6796439.000000
168	2025-09-24_17:05:50	17_Db_f00084.xye	1.478727	2025-09-24 17:05:49	88090.844469	0.631531	6768182.000000
169	2025-09-24_17:14:08	17_Da_f00085.xye	1.479835	2025-09-24 17:14:09	88590.854351	-1.378351	6751917.000000
170	2025-09-24_17:22:26	17_Db_f00085.xye	1.481248	2025-09-24 17:22:29	89090.864232	-3.388232	6778616.000000
171	2025-09-24_17:30:41	17_Da_f00086.xye	1.482642	2025-09-24 17:30:39	89580.873916	1.602084	6760727.000000
172	2025-09-24_17:38:57	17_Db_f00086.xye	1.484590	2025-09-24 17:38:59	90080.883798	-2.407798	6787888.000000
173	2025-09-24_17:47:14	17_Da_f00087.xye	1.486481	2025-09-24 17:47:09	90570.893482	4.582518	6771263.000000
174	2025-09-24_17:55:30	17_Db_f00087.xye	1.489021	2025-09-24 17:55:29	91070.903364	0.572636	6743680.000000
175	2025-09-24_18:03:48	17_Da_f00088.xye	1.492478	2025-09-24 18:03:49	91570.913246	-1.437246	6775977.000000
176	2025-09-24_18:12:11	17_Db_f00088.xye	1.498418	2025-09-24 18:12:09	92070.923127	1.552873	6745545.000000
177	2025-09-24_18:20:26	17_Da_f00089.xye	1.507127	2025-09-24 18:20:29	92570.933009	-3.457009	6787114.000000
178	2025-09-24_18:28:47	17_Db_f00089.xye	1.517287	2025-09-24 18:28:49	93070.942891	-2.466891	6759076.000000
179	2025-09-24_18:37:05	17_Da_f00090.xye	1.526130	2025-09-24 18:37:09	93570.952773	-4.476773	6786975.000000
180	2025-09-24_18:45:21	17_Db_f00090.xye	1.532700	2025-09-24 18:45:19	94060.962457	1.513543	6767827.000000
181	2025-09-24_18:53:41	17_Da_f00091.xye	1.537876	2025-09-24 18:53:39	94560.972338	1.503662	6749168.000000
182	2025-09-24_19:04:26	17_Db_f00091.xye	1.543281	2025-09-24 19:04:29	95210.985185	-3.509185	6773011.000000
183	2025-09-24_19:12:42	17_Da_f00092.xye	1.546833	2025-09-24 19:12:39	95700.994869	2.481131	6752580.000000
184	2025-09-24_19:21:00	17_Db_f00092.xye	1.550061	2025-09-24 19:20:59	96201.004751	0.471249	6781273.000000
185	2025-09-24_19:29:15	17_Da_f00093.xye	1.552811	2025-09-24 19:29:19	96701.014632	-4.538632	6762682.000000
186	2025-09-24_19:37:33	17_Db_f00093.xye	1.555294	2025-09-24 19:37:29	97191.024316	3.451684	6793444.000000
187	2025-09-24_19:45:51	17_Da_f00094.xye	1.557700	2025-09-24 19:45:49	97691.034198	1.441802	6775946.000000
188	2025-09-24_19:54:17	17_Db_f00094.xye	1.560088	2025-09-24 19:54:19	98201.044277	-2.568277	6748895.000000
189	2025-09-24_20:02:33	17_Da_f00095.xye	1.562188	2025-09-24 20:02:29	98691.053962	3.422038	6781691.000000
190	2025-09-24_20:10:51	17_Db_f00095.xye	1.564251	2025-09-24 20:10:49	99191.063843	1.412157	6758337.000000
191	2025-09-24_20:19:11	17_Da_f00096.xye	1.566658	2025-09-24 20:19:09	99691.073725	1.402275	6791326.000000
192	2025-09-24_20:27:27	17_Db_f00096.xye	1.568663	2025-09-24 20:27:29	100191.083607	-2.607607	6764900.000000
193	2025-09-24_20:35:45	17_Da_f00097.xye	1.570974	2025-09-24 20:35:49	100691.093488	-4.617488	6747872.000000
194	2025-09-24_20:44:02	17_Db_f00097.xye	1.573724	2025-09-24 20:43:59	101181.103173	2.372827	6771652.000000
195	2025-09-24_20:52:17	17_Da_f00098.xye	1.577066	2025-09-24 20:52:19	101681.113054	-2.637054	6754526.000000
196	2025-09-24_21:00:32	17_Db_f00098.xye	1.581230	2025-09-24 21:00:29	102171.122738	2.353262	6783561.000000
197	2025-09-24_21:08:51	17_Da_f00099.xye	1.587762	2025-09-24 21:08:49	102671.132620	1.343380	6767648.000000
198	2025-09-24_21:17:08	17_Db_f00099.xye	1.597980	2025-09-24 21:17:09	103171.142502	-1.666502	6789110.000000
199	2025-09-24_21:25:32	17_Da_f00100.xye	1.612323	2025-09-24 21:25:29	103671.152384	2.323616	6773337.000000
200	2025-09-24_21:33:50	17_Db_f00100.xye	1.627373	2025-09-24 21:33:49	104171.162265	0.313735	6745119.000000
201	2025-09-24_21:42:14	17_Da_f00101.xye	1.640914	2025-09-24 21:42:09	104671.172147	4.303853	6781615.000000
202	2025-09-24_21:50:35	17_Db_f00101.xye	1.653042	2025-09-24 21:50:39	105181.182226	-4.706226	6752281.000000
203	2025-09-24_21:58:50	17_Da_f00102.xye	1.664042	2025-09-24 21:58:49	105671.191910	0.284090	6787888.000000
204	2025-09-24_22:07:11	17_Db_f00102.xye	1.674700	2025-09-24 22:07:09	106171.201792	1.274208	6760043.000000
205	2025-09-24_22:15:38	17_Da_f00103.xye	1.684956	2025-09-24 22:15:39	106681.211872	-1.735872	6745572.000000
206	2025-09-24_22:23:56	17_Db_f00103.xye	1.694600	2025-09-24 22:23:59	107181.221753	-3.745753	6771043.000000
207	2025-09-24_22:32:11	17_Da_f00104.xye	1.703520	2025-09-24 22:32:09	107671.231437	1.244563	6752202.000000
208	2025-09-24_22:40:29	17_Db_f00104.xye	1.712458	2025-09-24 22:40:29	108171.241319	-0.765319	6779279.000000
209	2025-09-24_22:48:48	17_Da_f00105.xye	1.720995	2025-09-24 22:48:49	108671.251201	-1.775201	6762282.000000
210	2025-09-24_22:57:05	17_Db_f00105.xye	1.729532	2025-09-24 22:57:09	109171.261083	-4.785083	6778952.000000
211	2025-09-24_23:05:21	17_Da_f00106.xye	1.738088	2025-09-24 23:05:19	109661.270767	1.205233	6770292.000000
212	2025-09-24_23:16:08	17_Db_f00106.xye	1.750025	2025-09-24 23:16:09	110311.283613	-1.807613	6739501.000000
213	2025-09-24_23:24:26	17_Da_f00107.xye	1.760128	2025-09-24 23:24:29	110811.293495	-3.817495	6778401.000000
214	2025-09-24_23:32:44	17_Db_f00107.xye	1.769563	2025-09-24 23:32:39	111301.303179	4.172821	6750647.000000
215	2025-09-24_23:41:02	17_Da_f00108.xye	1.778769	2025-09-24 23:40:59	111801.313060	2.162940	6782411.000000
216	2025-09-24_23:49:17	17_Db_f00108.xye	1.787115	2025-09-24 23:49:19	112301.322942	-2.846942	6755151.000000
217	2025-09-24_23:57:35	17_Da_f00109.xye	1.793952	2025-09-24 23:57:39	112801.332824	-4.856824	6792003.000000
218	2025-09-25_00:05:50	17_Db_f00109.xye	1.799281	2025-09-25 00:05:49	113291.342508	0.133492	6765545.000000
219	2025-09-25_00:14:08	17_Da_f00110.xye	1.729190	2025-09-25 00:14:06	113788.247990	1.228010	6748919.000000
220	2025-09-25_00:22:24	17_Db_f00110.xye	1.673460	2025-09-25 00:22:26	114288.257872	-2.781872	6775582.000000
221	2025-09-25_00:30:44	17_Da_f00111.xye	1.629112	2025-09-25 00:30:46	114788.267754	-2.791754	6760211.000000
222	2025-09-25_00:38:59	17_Db_f00111.xye	1.594811	2025-09-25 00:38:56	115278.277438	2.198562	6786708.000000
223	2025-09-25_00:47:17	17_Da_f00112.xye	1.566659	2025-09-25 00:47:16	115778.287320	0.188680	6767161.000000
224	2025-09-25_00:55:32	17_Db_f00112.xye	1.543970	2025-09-25 00:55:36	116278.297201	-4.821201	6742776.000000
225	2025-09-25_01:03:48	17_Da_f00113.xye	1.525750	2025-09-25 01:03:46	116768.306886	1.169114	6780725.000000
226	2025-09-25_01:12:08	17_Db_f00113.xye	1.509363	2025-09-25 01:12:06	117268.316767	1.159233	6751852.000000
227	2025-09-25_01:20:24	17_Da_f00114.xye	1.494619	2025-09-25 01:20:26	117768.326649	-2.850649	6787867.000000
228	2025-09-25_01:28:42	17_Db_f00114.xye	1.480772	2025-09-25 01:28:46	118268.336531	-4.860531	6758728.000000
229	2025-09-25_01:37:00	17_Da_f00115.xye	1.468262	2025-09-25 01:36:56	118758.346215	3.129785	6781713.000000
230	2025-09-25_01:45:18	17_Db_f00115.xye	1.456459	2025-09-25 01:45:16	119258.356097	1.119903	6768746.000000
231	2025-09-25_01:53:38	17_Da_f00116.xye	1.445191	2025-09-25 01:53:36	119758.365978	1.110022	6752018.000000
232	2025-09-25_02:01:59	17_Db_f00116.xye	1.435221	2025-09-25 02:01:56	120258.375860	2.100140	6775410.000000
233	2025-09-25_02:10:17	17_Da_f00117.xye	1.426073	2025-09-25 02:10:16	120758.385742	0.090258	6756776.000000
234	2025-09-25_02:18:32	17_Db_f00117.xye	1.418682	2025-09-25 02:18:36	121258.395623	-4.919623	6786160.000000
235	2025-09-25_02:26:50	17_Da_f00118.xye	1.412818	2025-09-25 02:26:46	121748.405308	3.070692	6770716.000000
236	2025-09-25_02:35:08	17_Db_f00118.xye	1.407643	2025-09-25 02:35:06	122248.415189	1.060811	6744420.000000
237	2025-09-25_02:43:27	17_Da_f00119.xye	1.402830	2025-09-25 02:43:26	122748.425071	0.050929	6780151.000000
238	2025-09-25_02:51:45	17_Db_f00119.xye	1.398494	2025-09-25 02:51:46	123248.434953	-1.958953	6750871.000000
239	2025-09-25_02:59:59	17_Da_f00120.xye	1.394235	2025-09-25 02:59:56	123738.444637	2.031363	6784309.000000
240	2025-09-25_03:08:17	17_Db_f00120.xye	1.390034	2025-09-25 03:08:16	124238.454519	0.021481	6758739.000000
241	2025-09-25_03:16:32	17_Da_f00121.xye	1.385641	2025-09-25 03:16:36	124738.464400	-4.988400	6742009.000000
242	2025-09-25_03:27:15	17_Db_f00121.xye	1.379548	2025-09-25 03:27:17	125378.477049	-2.001049	6764686.000000
243	2025-09-25_03:35:32	17_Da_f00122.xye	1.374296	2025-09-25 03:35:27	125868.486733	4.989267	6728548.000000
244	2025-09-25_03:43:51	17_Db_f00122.xye	1.368242	2025-09-25 03:43:47	126368.496615	3.979385	6771257.000000
245	2025-09-25_03:52:08	17_Da_f00123.xye	1.361080	2025-09-25 03:52:07	126868.506496	0.969504	6753828.000000
246	2025-09-25_04:00:23	17_Db_f00123.xye	1.352485	2025-09-25 04:00:27	127368.516378	-4.040378	6779951.000000
247	2025-09-25_04:08:41	17_Da_f00124.xye	1.343127	2025-09-25 04:08:37	127858.526062	3.949938	6760622.000000
248	2025-09-25_04:16:56	17_Db_f00124.xye	1.332947	2025-09-25 04:16:57	128358.535944	-1.059944	6761421.000000
249	2025-09-25_04:25:14	17_Da_f00125.xye	1.321984	2025-09-25 04:25:17	128858.545826	-3.069826	6772045.000000
250	2025-09-25_04:33:32	17_Db_f00125.xye	1.311270	2025-09-25 04:33:27	129348.555510	4.920490	6747231.000000
251	2025-09-25_04:41:47	17_Da_f00126.xye	1.300193	2025-09-25 04:41:47	129848.565391	-0.089391	6779827.000000
252	2025-09-25_04:50:05	17_Db_f00126.xye	1.303268	2025-09-25 04:50:07	130348.575273	-2.099273	6753561.000000
253	2025-09-25_04:58:21	17_Da_f00127.xye	1.310640	2025-09-25 04:58:17	130838.584957	3.891043	6787616.000000
254	2025-09-25_05:06:41	17_Db_f00127.xye	1.312454	2025-09-25 05:06:37	131338.594839	3.881161	6763842.000000
255	2025-09-25_05:14:56	17_Da_f00128.xye	1.310831	2025-09-25 05:14:57	131838.604721	-1.128721	6747678.000000
256	2025-09-25_05:23:11	17_Db_f00128.xye	1.307317	2025-09-25 05:23:07	132328.614405	3.861595	6772092.000000
257	2025-09-25_05:31:26	17_Da_f00129.xye	1.302045	2025-09-25 05:31:27	132828.624287	-1.148287	6754562.000000
258	2025-09-25_05:39:41	17_Db_f00129.xye	1.295475	2025-09-25 05:39:37	133318.633971	3.842029	6782577.000000
259	2025-09-25_05:47:57	17_Da_f00130.xye	1.287511	2025-09-25 05:47:57	133818.643852	-0.167852	6765081.000000
260	2025-09-25_05:56:15	17_Db_f00130.xye	1.278458	2025-09-25 05:56:17	134318.653734	-2.177734	6738968.000000
261	2025-09-25_06:04:32	17_Da_f00131.xye	1.271163	2025-09-25 06:04:27	134808.663418	4.812582	6774259.000000
262	2025-09-25_06:12:48	17_Db_f00131.xye	1.268069	2025-09-25 06:12:47	135308.673300	0.802700	6744369.000000
263	2025-09-25_06:21:08	17_Da_f00132.xye	1.266331	2025-09-25 06:21:07	135808.683182	0.792818	6779292.000000
264	2025-09-25_06:29:23	17_Db_f00132.xye	1.262301	2025-09-25 06:29:27	136308.693063	-4.217063	6755589.000000
265	2025-09-25_06:37:41	17_Da_f00133.xye	1.254700	2025-09-25 06:37:37	136798.702748	3.773252	6774329.000000
266	2025-09-25_06:45:59	17_Db_f00133.xye	1.243317	2025-09-25 06:45:57	137298.712629	1.763371	6766198.000000
267	2025-09-25_06:54:14	17_Da_f00134.xye	1.232220	2025-09-25 06:54:17	137798.722511	-3.246511	6749782.000000
268	2025-09-25_07:02:29	17_Db_f00134.xye	1.215299	2025-09-25 07:02:27	138288.732195	1.743805	6774322.000000
269	2025-09-25_07:10:50	17_Da_f00135.xye	1.183385	2025-09-25 07:10:47	138788.742077	2.733923	6755861.000000
270	2025-09-25_07:19:05	17_Db_f00135.xye	1.152464	2025-09-25 07:19:07	139288.751959	-2.275959	6783682.000000
271	2025-09-25_07:27:20	17_Da_f00136.xye	1.120951	2025-09-25 07:27:17	139778.761643	2.714357	6765362.000000
272	2025-09-25_07:38:05	17_Db_f00136.xye	1.058096	2025-09-25 07:38:07	140428.774489	-2.298489	6789458.000000
273	2025-09-25_07:46:23	17_Da_f00137.xye	0.985731	2025-09-25 07:46:27	140928.784371	-4.308371	6767222.000000
274	2025-09-25_07:54:41	17_Db_f00137.xye	1.454051	2025-09-25 07:54:39	141421.323054	1.152946	6741515.000000
275	2025-09-25_08:02:59	17_Da_f00138.xye	1.478975	2025-09-25 08:02:59	141921.332936	-0.856936	6778933.000000
276	2025-09-25_08:11:14	17_Db_f00138.xye	1.477619	2025-09-25 08:11:09	142411.342620	4.133380	6751940.000000
277	2025-09-25_08:19:30	17_Da_f00139.xye	1.476721	2025-09-25 08:19:29	142911.352502	0.123498	6789578.000000
278	2025-09-25_08:27:47	17_Db_f00139.xye	1.476549	2025-09-25 08:27:49	143411.362383	-2.886383	6762574.000000
279	2025-09-25_08:36:02	17_Da_f00140.xye	1.476721	2025-09-25 08:35:59	143901.372067	2.103933	6744978.000000
280	2025-09-25_08:44:20	17_Db_f00140.xye	1.476760	2025-09-25 08:44:19	144401.381949	0.094051	6768943.000000
281	2025-09-25_08:52:38	17_Da_f00141.xye	1.477122	2025-09-25 08:52:39	144901.391831	-1.915831	6751190.000000
282	2025-09-25_09:00:53	17_Db_f00141.xye	1.477409	2025-09-25 09:00:49	145391.401515	3.074485	6779041.000000
283	2025-09-25_09:09:09	17_Da_f00142.xye	1.477447	2025-09-25 09:09:09	145891.401982	-0.925982	6759991.000000
284	2025-09-25_09:17:29	17_Db_f00142.xye	1.477485	2025-09-25 09:17:29	146391.402061	-0.926061	6787079.000000
285	2025-09-25_09:25:44	17_Da_f00143.xye	1.477791	2025-09-25 09:25:39	146881.402137	4.073863	6771704.000000
286	2025-09-25_09:33:59	17_Db_f00143.xye	1.478288	2025-09-25 09:33:59	147381.402216	-0.926216	6742926.000000
287	2025-09-25_09:42:18	17_Da_f00144.xye	1.478765	2025-09-25 09:42:19	147881.402294	-1.926294	6780647.000000
288	2025-09-25_09:50:36	17_Db_f00144.xye	1.479758	2025-09-25 09:50:39	148381.402372	-3.926372	6755120.000000
289	2025-09-25_09:58:56	17_Da_f00145.xye	1.480656	2025-09-25 09:58:59	148881.402450	-3.926450	6787931.000000
290	2025-09-25_10:07:12	17_Db_f00145.xye	1.482203	2025-09-25 10:07:09	149371.402527	2.073473	6760416.000000
291	2025-09-25_10:15:29	17_Da_f00146.xye	1.483960	2025-09-25 10:15:29	149871.402605	-0.926605	6744594.000000
292	2025-09-25_10:23:44	17_Db_f00146.xye	1.486042	2025-09-25 10:23:39	150361.402682	4.073318	6770399.000000
293	2025-09-25_10:32:02	17_Da_f00147.xye	1.488429	2025-09-25 10:31:59	150861.402760	2.073240	6749868.000000
294	2025-09-25_10:40:20	17_Db_f00147.xye	1.490683	2025-09-25 10:40:19	151361.402838	0.073162	6777156.000000
295	2025-09-25_10:48:35	17_Da_f00148.xye	1.494216	2025-09-25 10:48:39	151861.402917	-4.926917	6760936.000000
296	2025-09-25_10:56:50	17_Db_f00148.xye	1.499296	2025-09-25 10:56:49	152351.402993	0.073007	6747980.000000
297	2025-09-25_11:05:08	17_Da_f00149.xye	1.507470	2025-09-25 11:05:09	152851.403071	-1.927071	6768087.000000
298	2025-09-25_11:13:23	17_Db_f00149.xye	1.517287	2025-09-25 11:13:19	153341.403148	3.072852	6740959.000000
299	2025-09-25_11:21:41	17_Da_f00150.xye	1.525729	2025-09-25 11:21:39	153841.403226	1.072774	6777740.000000
300	2025-09-25_11:29:56	17_Db_f00150.xye	1.531936	2025-09-25 11:29:59	154341.403305	-3.927305	6748140.000000
301	2025-09-25_11:38:11	17_Da_f00151.xye	1.536749	2025-09-25 11:38:09	154831.403381	1.072619	6784541.000000
302	2025-09-25_11:48:53	17_Db_f00151.xye	1.541676	2025-09-25 11:48:49	155471.403481	3.072519	6752760.000000
303	2025-09-25_11:57:11	17_Da_f00152.xye	1.545095	2025-09-25 11:57:09	155971.403560	1.072440	6788192.000000
304	2025-09-25_12:05:26	17_Db_f00152.xye	1.548285	2025-09-25 12:05:29	156471.403638	-3.927638	6761908.000000
305	2025-09-25_12:13:44	17_Da_f00153.xye	1.550958	2025-09-25 12:13:39	156961.403714	4.072286	6743047.000000
306	2025-09-25_12:22:02	17_Db_f00153.xye	1.552104	2025-09-25 12:17:03	157165.418346	298.057654	6768947.000000
307	2025-09-25_12:30:20	17_Da_f00154.xye	1.552104	2025-09-25 12:17:03	157165.418346	796.057654	6748193.000000
308	2025-09-25_12:38:38	17_Db_f00154.xye	1.552104	2025-09-25 12:17:03	157165.418346	1294.057654	6776294.000000
